生成启动时间为 2017/3/16 22:45:38。
     1>项目“E:\workspace\VisualStudio\kylintest\kylinbot\kylinbot.vcxproj”在节点 2 上(Build 个目标)。
     1>ClCompile:
         D:\Program Files (x86)\Microsoft Visual Studio 12.0\VC\bin\CL.exe /c /ZI /nologo /W3 /WX- /Od /Oy- /D WIN32 /D _DEBUG /D _CONSOLE /D _LIB /D _UNICODE /D UNICODE /Gm /EHsc /RTC1 /MDd /GS /fp:precise /Zc:wchar_t /Zc:forScope /Fo"Debug\\" /Fd"Debug\vc120.pdb" /Gd /TP /analyze- /errorReport:prompt main.cpp
         main.cpp
       Link:
         D:\Program Files (x86)\Microsoft Visual Studio 12.0\VC\bin\link.exe /ERRORREPORT:PROMPT /OUT:"E:\workspace\VisualStudio\kylintest\Debug\kylinbot.exe" /INCREMENTAL /NOLOGO kernel32.lib user32.lib gdi32.lib winspool.lib comdlg32.lib advapi32.lib shell32.lib ole32.lib oleaut32.lib uuid.lib odbc32.lib odbccp32.lib /MANIFEST /MANIFESTUAC:"level='asInvoker' uiAccess='false'" /manifest:embed /DEBUG /PDB:"E:\workspace\VisualStudio\kylintest\Debug\kylinbot.pdb" /SUBSYSTEM:CONSOLE /TLBID:1 /DYNAMICBASE /NXCOMPAT /IMPLIB:"E:\workspace\VisualStudio\kylintest\Debug\kylinbot.lib" /MACHINE:X86 Debug\ahrs.obj
         Debug\cbus.obj
         Debug\crc16.obj
         Debug\dbus.obj
         Debug\ekf.obj
         Debug\est.obj
         Debug\fifo.obj
         Debug\gdf.obj
         Debug\hcp.obj
         Debug\maf.obj
         Debug\mecanum.obj
         Debug\msg.obj
         Debug\pid.obj
         Debug\rcp.obj
         Debug\rmp.obj
         Debug\stack.obj
         Debug\main.obj
         Debug\serial.obj
         kylinbot.vcxproj -> E:\workspace\VisualStudio\kylintest\Debug\kylinbot.exe
     1>已完成生成项目“E:\workspace\VisualStudio\kylintest\kylinbot\kylinbot.vcxproj”(Build 个目标)的操作。

生成成功。

已用时间 00:00:00.63
